# JRE version: OpenJDK Runtime Environment (17.0.11) (build 17.0.11+0--11852314)
# Java VM: OpenJDK 64-Bit Server VM (17.0.11+0--11852314, mixed mode, tiered, compressed oops, compressed class ptrs, g1 gc, windows-amd64)
GC Precious Log:
 CPUs: 8 total, 8 available
 Memory: 8038M
 Large Page Support: Disabled
 NUMA Support: Disabled
 Compressed Oops: Enabled (32-bit)
 Heap Region Size: 1M
 Heap Min Capacity: 8M
 Heap Initial Capacity: 126M
 Heap Max Capacity: 2G
 Pre-touch: Disabled
 Parallel Workers: 8
 Concurrent Workers: 2
 Concurrent Refinement Workers: 8
 Periodic GC: Disabled
Heap:
 garbage-first heap   total 137216K, used 76662K [0x0000000080000000, 0x0000000100000000)
  region size 1024K, 2 young (2048K), 2 survivors (2048K)
 Metaspace       used 81292K, committed 81984K, reserved 1179648K
  class space    used 11246K, committed 11584K, reserved 1048576K
GC Heap History (20 events):
Event: 24.869 GC heap after
{Heap after GC invocations=39 (full 0):
 garbage-first heap   total 109568K, used 62410K [0x0000000080000000, 0x0000000100000000)
  region size 1024K, 1 young (1024K), 1 survivors (1024K)
 Metaspace       used 62849K, committed 63488K, reserved 1114112K
  class space    used 8522K, committed 8832K, reserved 1048576K
}
Event: 25.559 GC heap before
{Heap before GC invocations=39 (full 0):
 garbage-first heap   total 109568K, used 84938K [0x0000000080000000, 0x0000000100000000)
  region size 1024K, 23 young (23552K), 1 survivors (1024K)
 Metaspace       used 65162K, committed 65792K, reserved 1114112K
  class space    used 8876K, committed 9152K, reserved 1048576K
}
Event: 25.562 GC heap after
{Heap after GC invocations=40 (full 0):
 garbage-first heap   total 109568K, used 63206K [0x0000000080000000, 0x0000000100000000)
  region size 1024K, 2 young (2048K), 2 survivors (2048K)
 Metaspace       used 65162K, committed 65792K, reserved 1114112K
  class space    used 8876K, committed 9152K, reserved 1048576K
}
Event: 26.003 GC heap before
{Heap before GC invocations=41 (full 0):
 garbage-first heap   total 112640K, used 71398K [0x0000000080000000, 0x0000000100000000)
  region size 1024K, 11 young (11264K), 2 survivors (2048K)
 Metaspace       used 66680K, committed 67328K, reserved 1114112K
  class space    used 9054K, committed 9408K, reserved 1048576K
}
Event: 26.011 GC heap after
{Heap after GC invocations=42 (full 0):
 garbage-first heap   total 135168K, used 64790K [0x0000000080000000, 0x0000000100000000)
  region size 1024K, 3 young (3072K), 3 survivors (3072K)
 Metaspace       used 66680K, committed 67328K, reserved 1114112K
  class space    used 9054K, committed 9408K, reserved 1048576K
}
Event: 26.113 GC heap before
{Heap before GC invocations=43 (full 0):
 garbage-first heap   total 135168K, used 79126K [0x0000000080000000, 0x0000000100000000)
  region size 1024K, 14 young (14336K), 3 survivors (3072K)
 Metaspace       used 66688K, committed 67392K, reserved 1114112K
  class space    used 9054K, committed 9408K, reserved 1048576K
}
Event: 26.118 GC heap after
{Heap after GC invocations=44 (full 0):
 garbage-first heap   total 135168K, used 66878K [0x0000000080000000, 0x0000000100000000)
  region size 1024K, 5 young (5120K), 5 survivors (5120K)
 Metaspace       used 66688K, committed 67392K, reserved 1114112K
  class space    used 9054K, committed 9408K, reserved 1048576K
}
Event: 26.760 GC heap before
{Heap before GC invocations=45 (full 0):
 garbage-first heap   total 135168K, used 98622K [0x0000000080000000, 0x0000000100000000)
  region size 1024K, 35 young (35840K), 5 survivors (5120K)
 Metaspace       used 68896K, committed 69568K, reserved 1114112K
  class space    used 9363K, committed 9728K, reserved 1048576K
}
Event: 26.766 GC heap after
{Heap after GC invocations=46 (full 0):
 garbage-first heap   total 135168K, used 69480K [0x0000000080000000, 0x0000000100000000)
  region size 1024K, 2 young (2048K), 2 survivors (2048K)
 Metaspace       used 68896K, committed 69568K, reserved 1114112K
  class space    used 9363K, committed 9728K, reserved 1048576K
}
Event: 27.373 GC heap before
{Heap before GC invocations=46 (full 0):
 garbage-first heap   total 135168K, used 101224K [0x0000000080000000, 0x0000000100000000)
  region size 1024K, 33 young (33792K), 2 survivors (2048K)
 Metaspace       used 71387K, committed 72064K, reserved 1114112K
  class space    used 9699K, committed 10048K, reserved 1048576K
}
Event: 27.376 GC heap after
{Heap after GC invocations=47 (full 0):
 garbage-first heap   total 135168K, used 70793K [0x0000000080000000, 0x0000000100000000)
  region size 1024K, 3 young (3072K), 3 survivors (3072K)
 Metaspace       used 71387K, committed 72064K, reserved 1114112K
  class space    used 9699K, committed 10048K, reserved 1048576K
}
Event: 27.908 GC heap before
{Heap before GC invocations=48 (full 0):
 garbage-first heap   total 135168K, used 103561K [0x0000000080000000, 0x0000000100000000)
  region size 1024K, 35 young (35840K), 3 survivors (3072K)
 Metaspace       used 74990K, committed 75648K, reserved 1114112K
  class space    used 10190K, committed 10496K, reserved 1048576K
}
Event: 27.914 GC heap after
{Heap after GC invocations=49 (full 0):
 garbage-first heap   total 135168K, used 73482K [0x0000000080000000, 0x0000000100000000)
  region size 1024K, 5 young (5120K), 5 survivors (5120K)
 Metaspace       used 74990K, committed 75648K, reserved 1114112K
  class space    used 10190K, committed 10496K, reserved 1048576K
}
Event: 28.336 GC heap before
{Heap before GC invocations=49 (full 0):
 garbage-first heap   total 135168K, used 105226K [0x0000000080000000, 0x0000000100000000)
  region size 1024K, 36 young (36864K), 5 survivors (5120K)
 Metaspace       used 76428K, committed 77056K, reserved 1179648K
  class space    used 10374K, committed 10688K, reserved 1048576K
}
Event: 28.341 GC heap after
{Heap after GC invocations=50 (full 0):
 garbage-first heap   total 135168K, used 75625K [0x0000000080000000, 0x0000000100000000)
  region size 1024K, 5 young (5120K), 5 survivors (5120K)
 Metaspace       used 76428K, committed 77056K, reserved 1179648K
  class space    used 10374K, committed 10688K, reserved 1048576K
}
Event: 28.789 GC heap before
{Heap before GC invocations=51 (full 0):
 garbage-first heap   total 137216K, used 107369K [0x0000000080000000, 0x0000000100000000)
  region size 1024K, 35 young (35840K), 5 survivors (5120K)
 Metaspace       used 78453K, committed 79168K, reserved 1179648K
  class space    used 10662K, committed 11008K, reserved 1048576K
}
Event: 28.795 GC heap after
{Heap after GC invocations=52 (full 0):
 garbage-first heap   total 137216K, used 76674K [0x0000000080000000, 0x0000000100000000)
  region size 1024K, 2 young (2048K), 2 survivors (2048K)
 Metaspace       used 78453K, committed 79168K, reserved 1179648K
  class space    used 10662K, committed 11008K, reserved 1048576K
}
Event: 28.888 GC heap before
{Heap before GC invocations=52 (full 0):
 garbage-first heap   total 137216K, used 80770K [0x0000000080000000, 0x0000000100000000)
  region size 1024K, 6 young (6144K), 2 survivors (2048K)
 Metaspace       used 78814K, committed 79552K, reserved 1179648K
  class space    used 10727K, committed 11072K, reserved 1048576K
}
Event: 28.890 GC heap after
{Heap after GC invocations=53 (full 0):
 garbage-first heap   total 137216K, used 75852K [0x0000000080000000, 0x0000000100000000)
  region size 1024K, 1 young (1024K), 1 survivors (1024K)
 Metaspace       used 78814K, committed 79552K, reserved 1179648K
  class space    used 10727K, committed 11072K, reserved 1048576K
}
Event: 29.521 GC heap before
{Heap before GC invocations=53 (full 0):
 garbage-first heap   total 137216K, used 109644K [0x0000000080000000, 0x0000000100000000)
  region size 1024K, 34 young (34816K), 1 survivors (1024K)
 Metaspace       used 81292K, committed 81984K, reserved 1179648K
  class space    used 11246K, committed 11584K, reserved 1048576K
}

